<?xml version="1.0" encoding="UTF-8"?>
<!-- Generated by org.testng.reporters.JUnitReportReporter -->
<testsuite hostname="DESKTOP-S3QK2FE" failures="0" tests="1" name="testscript.Login" time="18.569" errors="0" timestamp="2025-02-27T14:12:38 IST" skipped="0">
  <testcase classname="testscript.Login" name="loginTest" time="18.569"/>
</testsuite> <!-- testscript.Login -->
