<?xml version="1.0" encoding="UTF-8"?>
<!-- Generated by org.testng.reporters.JUnitReportReporter -->
<testsuite hostname="DESKTOP-S3QK2FE" failures="0" tests="1" name="testscript.LogoutTest" time="15.628" errors="0" timestamp="2025-03-01T12:47:12 IST" skipped="0">
  <testcase classname="testscript.LogoutTest" name="verifyTheUserIsAbleToLogout" time="15.628"/>
</testsuite> <!-- testscript.LogoutTest -->
