<?xml version="1.0" encoding="UTF-8"?>
<!-- Generated by org.testng.reporters.JUnitReportReporter -->
<testsuite hostname="DESKTOP-S3QK2FE" failures="0" tests="1" name="testscript.ManageNewsTest" time="11.925" errors="0" timestamp="2025-03-01T12:53:00 IST" skipped="0">
  <testcase classname="testscript.ManageNewsTest" name="verifyThatUserCanCreateNewsSuccessfully" time="11.925"/>
</testsuite> <!-- testscript.ManageNewsTest -->
