<?xml version="1.0" encoding="UTF-8"?>
<!-- Generated by org.testng.reporters.JUnitReportReporter -->
<testsuite hostname="DESKTOP-S3QK2FE" failures="0" tests="1" name="testscript.LoginTest" time="6.646" errors="0" timestamp="2025-02-13T23:27:44 IST" skipped="0">
  <testcase classname="testscript.LoginTest" name="verifyTheUserIsAbleToLoginUsingValidUsernameInvalidPassword" time="6.646"/>
</testsuite> <!-- testscript.LoginTest -->
